

<<<<<<< Updated upstream
Started GET "/" for ::1 at 2015-03-19 18:39:59 -0700
Processing by Rails::WelcomeController#index as HTML
  Rendered /Users/freddykurniawan91/.rvm/gems/ruby-1.9.3-p551/gems/railties-4.2.0/lib/rails/templates/rails/welcome/index.html.erb (8.1ms)
Completed 200 OK in 80ms (Views: 51.6ms | ActiveRecord: 0.0ms)
=======
Started GET "/" for ::1 at 2015-03-19 18:37:45 -0700
Processing by Rails::WelcomeController#index as HTML
  Rendered /Users/Onel/.rvm/gems/ruby-1.9.3-p551/gems/railties-4.2.0/lib/rails/templates/rails/welcome/index.html.erb (5.7ms)
Completed 200 OK in 90ms (Views: 71.7ms | ActiveRecord: 0.0ms)


Started GET "/" for ::1 at 2015-04-16 17:40:03 -0700
Processing by Rails::WelcomeController#index as HTML
  Rendered /Users/Onel/.rvm/gems/ruby-1.9.3-p551/gems/railties-4.2.0/lib/rails/templates/rails/welcome/index.html.erb (4.7ms)
Completed 200 OK in 69ms (Views: 57.8ms | ActiveRecord: 0.0ms)


Started GET "/apple-touch-icon-precomposed.png" for ::1 at 2015-04-16 17:40:04 -0700

ActionController::RoutingError (No route matches [GET] "/apple-touch-icon-precomposed.png"):
  actionpack (4.2.0) lib/action_dispatch/middleware/debug_exceptions.rb:21:in `call'
  web-console (2.1.2) lib/web_console/middleware.rb:37:in `call'
  actionpack (4.2.0) lib/action_dispatch/middleware/show_exceptions.rb:30:in `call'
  railties (4.2.0) lib/rails/rack/logger.rb:38:in `call_app'
  railties (4.2.0) lib/rails/rack/logger.rb:20:in `block in call'
  activesupport (4.2.0) lib/active_support/tagged_logging.rb:68:in `block in tagged'
  activesupport (4.2.0) lib/active_support/tagged_logging.rb:26:in `tagged'
  activesupport (4.2.0) lib/active_support/tagged_logging.rb:68:in `tagged'
  railties (4.2.0) lib/rails/rack/logger.rb:20:in `call'
  actionpack (4.2.0) lib/action_dispatch/middleware/request_id.rb:21:in `call'
  rack (1.6.0) lib/rack/methodoverride.rb:22:in `call'
  rack (1.6.0) lib/rack/runtime.rb:18:in `call'
  activesupport (4.2.0) lib/active_support/cache/strategy/local_cache_middleware.rb:28:in `call'
  rack (1.6.0) lib/rack/lock.rb:17:in `call'
  actionpack (4.2.0) lib/action_dispatch/middleware/static.rb:113:in `call'
  rack (1.6.0) lib/rack/sendfile.rb:113:in `call'
  railties (4.2.0) lib/rails/engine.rb:518:in `call'
  railties (4.2.0) lib/rails/application.rb:164:in `call'
  rack (1.6.0) lib/rack/tempfile_reaper.rb:15:in `call'
  rack (1.6.0) lib/rack/lint.rb:49:in `_call'
  rack (1.6.0) lib/rack/lint.rb:37:in `call'
  rack (1.6.0) lib/rack/showexceptions.rb:24:in `call'
  rack (1.6.0) lib/rack/commonlogger.rb:33:in `call'
  sinatra (1.4.4) lib/sinatra/base.rb:217:in `call'
  rack (1.6.0) lib/rack/chunked.rb:54:in `call'
  rack (1.6.0) lib/rack/content_length.rb:15:in `call'
  rack (1.6.0) lib/rack/handler/webrick.rb:89:in `service'
  /Users/Onel/.rvm/rubies/ruby-1.9.3-p551/lib/ruby/1.9.1/webrick/httpserver.rb:138:in `service'
  /Users/Onel/.rvm/rubies/ruby-1.9.3-p551/lib/ruby/1.9.1/webrick/httpserver.rb:94:in `run'
  /Users/Onel/.rvm/rubies/ruby-1.9.3-p551/lib/ruby/1.9.1/webrick/server.rb:191:in `block in start_thread'


  Rendered /Users/Onel/.rvm/gems/ruby-1.9.3-p551/gems/actionpack-4.2.0/lib/action_dispatch/middleware/templates/rescues/_trace.html.erb (2.9ms)
  Rendered /Users/Onel/.rvm/gems/ruby-1.9.3-p551/gems/actionpack-4.2.0/lib/action_dispatch/middleware/templates/routes/_table.html.erb (66.4ms)
  Rendered /Users/Onel/.rvm/gems/ruby-1.9.3-p551/gems/actionpack-4.2.0/lib/action_dispatch/middleware/templates/rescues/_request_and_response.html.erb (1.7ms)
  Rendered /Users/Onel/.rvm/gems/ruby-1.9.3-p551/gems/actionpack-4.2.0/lib/action_dispatch/middleware/templates/rescues/routing_error.html.erb within rescues/layout (104.9ms)
  Rendered /Users/Onel/.rvm/gems/ruby-1.9.3-p551/gems/web-console-2.1.2/lib/web_console/templates/_markup.html.erb (0.6ms)
  Rendered /Users/Onel/.rvm/gems/ruby-1.9.3-p551/gems/web-console-2.1.2/lib/web_console/templates/style.css.erb within layouts/inlined_string (0.6ms)
  Rendered /Users/Onel/.rvm/gems/ruby-1.9.3-p551/gems/web-console-2.1.2/lib/web_console/templates/_inner_console_markup.html.erb within layouts/inlined_string (0.4ms)
  Rendered /Users/Onel/.rvm/gems/ruby-1.9.3-p551/gems/web-console-2.1.2/lib/web_console/templates/_prompt_box_markup.html.erb within layouts/inlined_string (0.6ms)
  Rendered /Users/Onel/.rvm/gems/ruby-1.9.3-p551/gems/web-console-2.1.2/lib/web_console/templates/console.js.erb within layouts/javascript (29.5ms)
  Rendered /Users/Onel/.rvm/gems/ruby-1.9.3-p551/gems/web-console-2.1.2/lib/web_console/templates/main.js.erb within layouts/javascript (1.0ms)
  Rendered /Users/Onel/.rvm/gems/ruby-1.9.3-p551/gems/web-console-2.1.2/lib/web_console/templates/error_page.js.erb within layouts/javascript (0.5ms)
  Rendered /Users/Onel/.rvm/gems/ruby-1.9.3-p551/gems/web-console-2.1.2/lib/web_console/templates/index.html.erb (65.2ms)


Started GET "/apple-touch-icon.png" for ::1 at 2015-04-16 17:40:04 -0700

ActionController::RoutingError (No route matches [GET] "/apple-touch-icon.png"):
  actionpack (4.2.0) lib/action_dispatch/middleware/debug_exceptions.rb:21:in `call'
  web-console (2.1.2) lib/web_console/middleware.rb:37:in `call'
  actionpack (4.2.0) lib/action_dispatch/middleware/show_exceptions.rb:30:in `call'
  railties (4.2.0) lib/rails/rack/logger.rb:38:in `call_app'
  railties (4.2.0) lib/rails/rack/logger.rb:20:in `block in call'
  activesupport (4.2.0) lib/active_support/tagged_logging.rb:68:in `block in tagged'
  activesupport (4.2.0) lib/active_support/tagged_logging.rb:26:in `tagged'
  activesupport (4.2.0) lib/active_support/tagged_logging.rb:68:in `tagged'
  railties (4.2.0) lib/rails/rack/logger.rb:20:in `call'
  actionpack (4.2.0) lib/action_dispatch/middleware/request_id.rb:21:in `call'
  rack (1.6.0) lib/rack/methodoverride.rb:22:in `call'
  rack (1.6.0) lib/rack/runtime.rb:18:in `call'
  activesupport (4.2.0) lib/active_support/cache/strategy/local_cache_middleware.rb:28:in `call'
  rack (1.6.0) lib/rack/lock.rb:17:in `call'
  actionpack (4.2.0) lib/action_dispatch/middleware/static.rb:113:in `call'
  rack (1.6.0) lib/rack/sendfile.rb:113:in `call'
  railties (4.2.0) lib/rails/engine.rb:518:in `call'
  railties (4.2.0) lib/rails/application.rb:164:in `call'
  rack (1.6.0) lib/rack/tempfile_reaper.rb:15:in `call'
  rack (1.6.0) lib/rack/lint.rb:49:in `_call'
  rack (1.6.0) lib/rack/lint.rb:37:in `call'
  rack (1.6.0) lib/rack/showexceptions.rb:24:in `call'
  rack (1.6.0) lib/rack/commonlogger.rb:33:in `call'
  sinatra (1.4.4) lib/sinatra/base.rb:217:in `call'
  rack (1.6.0) lib/rack/chunked.rb:54:in `call'
  rack (1.6.0) lib/rack/content_length.rb:15:in `call'
  rack (1.6.0) lib/rack/handler/webrick.rb:89:in `service'
  /Users/Onel/.rvm/rubies/ruby-1.9.3-p551/lib/ruby/1.9.1/webrick/httpserver.rb:138:in `service'
  /Users/Onel/.rvm/rubies/ruby-1.9.3-p551/lib/ruby/1.9.1/webrick/httpserver.rb:94:in `run'
  /Users/Onel/.rvm/rubies/ruby-1.9.3-p551/lib/ruby/1.9.1/webrick/server.rb:191:in `block in start_thread'


  Rendered /Users/Onel/.rvm/gems/ruby-1.9.3-p551/gems/actionpack-4.2.0/lib/action_dispatch/middleware/templates/rescues/_trace.html.erb (1.9ms)
  Rendered /Users/Onel/.rvm/gems/ruby-1.9.3-p551/gems/actionpack-4.2.0/lib/action_dispatch/middleware/templates/routes/_table.html.erb (1.1ms)
  Rendered /Users/Onel/.rvm/gems/ruby-1.9.3-p551/gems/actionpack-4.2.0/lib/action_dispatch/middleware/templates/rescues/_request_and_response.html.erb (0.9ms)
  Rendered /Users/Onel/.rvm/gems/ruby-1.9.3-p551/gems/actionpack-4.2.0/lib/action_dispatch/middleware/templates/rescues/routing_error.html.erb within rescues/layout (20.0ms)
  Rendered /Users/Onel/.rvm/gems/ruby-1.9.3-p551/gems/web-console-2.1.2/lib/web_console/templates/_markup.html.erb (0.4ms)
  Rendered /Users/Onel/.rvm/gems/ruby-1.9.3-p551/gems/web-console-2.1.2/lib/web_console/templates/style.css.erb within layouts/inlined_string (0.2ms)
  Rendered /Users/Onel/.rvm/gems/ruby-1.9.3-p551/gems/web-console-2.1.2/lib/web_console/templates/_inner_console_markup.html.erb within layouts/inlined_string (0.5ms)
  Rendered /Users/Onel/.rvm/gems/ruby-1.9.3-p551/gems/web-console-2.1.2/lib/web_console/templates/_prompt_box_markup.html.erb within layouts/inlined_string (0.4ms)
  Rendered /Users/Onel/.rvm/gems/ruby-1.9.3-p551/gems/web-console-2.1.2/lib/web_console/templates/console.js.erb within layouts/javascript (18.8ms)
  Rendered /Users/Onel/.rvm/gems/ruby-1.9.3-p551/gems/web-console-2.1.2/lib/web_console/templates/main.js.erb within layouts/javascript (0.4ms)
  Rendered /Users/Onel/.rvm/gems/ruby-1.9.3-p551/gems/web-console-2.1.2/lib/web_console/templates/error_page.js.erb within layouts/javascript (0.7ms)
  Rendered /Users/Onel/.rvm/gems/ruby-1.9.3-p551/gems/web-console-2.1.2/lib/web_console/templates/index.html.erb (36.1ms)
>>>>>>> Stashed changes
